Arguments: 
  C:\Program Files\nodejs\node.exe C:\Users\Bhaswanth_Isani\AppData\Roaming\npm\node_modules\yarn\bin\yarn.js

PATH: 
  C:\Windows\system32;C:\Windows;C:\Windows\System32\Wbem;C:\Windows\System32\WindowsPowerShell\v1.0\;C:\Windows\System32\OpenSSH\;C:\Program Files\Git\cmd;C:\Program Files\dotnet\;C:\Program Files\nodejs\;C:\Program Files\Docker\Docker\resources\bin;C:\ProgramData\DockerDesktop\version-bin;C:\Users\Bhaswanth_Isani\AppData\Local\Programs\Python\Python310\Scripts\;C:\Users\Bhaswanth_Isani\AppData\Local\Programs\Python\Python310\;C:\Users\Bhaswanth_Isani\Anaconda3;C:\Users\Bhaswanth_Isani\Anaconda3\Library\mingw-w64\bin;C:\Users\Bhaswanth_Isani\Anaconda3\Library\usr\bin;C:\Users\Bhaswanth_Isani\Anaconda3\Library\bin;C:\Users\Bhaswanth_Isani\Anaconda3\Scripts;C:\Users\Bhaswanth_Isani\AppData\Local\Microsoft\WindowsApps;C:\Users\Bhaswanth_Isani\AppData\Local\JetBrains\Toolbox\scripts;C:\Program Files\Inkscape\bin;C:\Developer\flutter\bin;C:\Users\Bhaswanth_Isani\AppData\Local\Android\Sdk\platform-tools;C:\Users\Bhaswanth_Isani\AppData\Roaming\npm;C:\Program Files\heroku\bin;C:\Users\Bhaswanth_Isani\AppData\Local\Pub\Cache\bin;;C:\Users\Bhaswanth_Isani\WebstormProjects\micro-controllers-server\node_modules\.bin

Yarn version: 
  1.22.19

Node version: 
  16.17.1

Platform: 
  win32 x64

Trace: 
  SyntaxError: C:\Users\Bhaswanth_Isani\WebstormProjects\micro-controllers-server\package.json: Unexpected token } in JSON at position 984
      at JSON.parse (<anonymous>)
      at C:\Users\Bhaswanth_Isani\AppData\Roaming\npm\node_modules\yarn\lib\cli.js:1629:59
      at Generator.next (<anonymous>)
      at step (C:\Users\Bhaswanth_Isani\AppData\Roaming\npm\node_modules\yarn\lib\cli.js:310:30)
      at C:\Users\Bhaswanth_Isani\AppData\Roaming\npm\node_modules\yarn\lib\cli.js:321:13

npm manifest: 
  {
    "name": "micro-controllers-server",
    "version": "1.0.0",
    "description": "Backend Apollo Server Express (Express-GraphQL) server for J-Component project MicroControllers Toll Plaza Automation",
    "main": "./src/index.ts",
    "scripts": {
      "start": "node ./build/src",
      "build": "tsc",
      "dev": "nodemon ./src/index.ts"
    },
    "keywords": [],
    "author": "Bhaswanth Isani",
    "license": "ISC",
    "devDependencies": {
      "@types/bcryptjs": "^2.4.2",
      "@types/express": "^4.17.14",
      "@types/jsonwebtoken": "^8.5.9",
      "@types/node": "^18.7.21",
      "nodemon": "^2.0.20",
      "ts-node": "^10.9.1"
    },
    "dependencies": {
      "@graphql-tools/schema": "^9.0.4",
      "apollo-server-core": "^3.10.2",
      "apollo-server-express": "^3.10.2",
      "bcryptjs": "^2.4.3",
      "dotenv": "^16.0.2",
      "express": "^4.18.1",
      "express-async-handler": "^1.2.0",
      "graphql": "^16.6.0",
      "jsonwebtoken": "^8.5.1",
      "mongoose": "^6.6.1",
      "typescript": "^4.8.3",
    }
  }

yarn manifest: 
  No manifest

Lockfile: 
  No lockfile
